{
  "RSpec": {
    "coverage": {
      "/Users/stephaniemhelm/stall_card/stall_card_be/app/models/barn.rb": {
        "lines": [
          1,
          1,
          1,
          null
        ]
      },
      "/Users/stephaniemhelm/stall_card/stall_card_be/app/models/application_record.rb": {
        "lines": [
          1,
          1,
          null
        ]
      },
      "/Users/stephaniemhelm/stall_card/stall_card_be/app/models/employee.rb": {
        "lines": [
          1,
          1,
          1,
          null
        ]
      },
      "/Users/stephaniemhelm/stall_card/stall_card_be/app/models/owner.rb": {
        "lines": [
          1,
          null,
          1,
          null
        ]
      },
      "/Users/stephaniemhelm/stall_card/stall_card_be/app/models/vet.rb": {
        "lines": [
          1,
          null,
          1,
          null
        ]
      },
      "/Users/stephaniemhelm/stall_card/stall_card_be/app/mailers/application_mailer.rb": {
        "lines": [
          0,
          0,
          0,
          0
        ],
        "branches": {
        }
      },
      "/Users/stephaniemhelm/stall_card/stall_card_be/app/graphql/types/employee_type.rb": {
        "lines": [
          null,
          null,
          0,
          0,
          0,
          0,
          0,
          0,
          0,
          0,
          0,
          0
        ],
        "branches": {
        }
      },
      "/Users/stephaniemhelm/stall_card/stall_card_be/app/graphql/types/node_type.rb": {
        "lines": [
          0,
          0,
          0,
          null,
          0,
          0,
          0
        ],
        "branches": {
        }
      },
      "/Users/stephaniemhelm/stall_card/stall_card_be/app/graphql/types/base_field.rb": {
        "lines": [
          0,
          0,
          0,
          0,
          0
        ],
        "branches": {
        }
      },
      "/Users/stephaniemhelm/stall_card/stall_card_be/app/graphql/types/input/owner_input_type.rb": {
        "lines": [
          0,
          0,
          0,
          0,
          0,
          0,
          0,
          0
        ],
        "branches": {
        }
      },
      "/Users/stephaniemhelm/stall_card/stall_card_be/app/graphql/types/input/employee_input_type.rb": {
        "lines": [
          0,
          0,
          0,
          0,
          0,
          0,
          0,
          0,
          0
        ],
        "branches": {
        }
      },
      "/Users/stephaniemhelm/stall_card/stall_card_be/app/graphql/types/input/barn_input_type.rb": {
        "lines": [
          0,
          0,
          0,
          0,
          0,
          0,
          0
        ],
        "branches": {
        }
      },
      "/Users/stephaniemhelm/stall_card/stall_card_be/app/graphql/types/base_input_object.rb": {
        "lines": [
          0,
          0,
          0,
          0,
          0
        ],
        "branches": {
        }
      },
      "/Users/stephaniemhelm/stall_card/stall_card_be/app/graphql/types/base_enum.rb": {
        "lines": [
          0,
          0,
          0,
          0
        ],
        "branches": {
        }
      },
      "/Users/stephaniemhelm/stall_card/stall_card_be/app/graphql/types/base_interface.rb": {
        "lines": [
          0,
          0,
          0,
          0,
          0,
          null,
          0,
          0,
          0
        ],
        "branches": {
        }
      },
      "/Users/stephaniemhelm/stall_card/stall_card_be/app/graphql/types/barn_type.rb": {
        "lines": [
          null,
          null,
          0,
          0,
          0,
          0,
          0,
          0,
          0,
          0,
          0
        ],
        "branches": {
        }
      },
      "/Users/stephaniemhelm/stall_card/stall_card_be/app/graphql/types/base_connection.rb": {
        "lines": [
          0,
          0,
          null,
          0,
          0,
          0
        ],
        "branches": {
        }
      },
      "/Users/stephaniemhelm/stall_card/stall_card_be/app/graphql/types/base_edge.rb": {
        "lines": [
          0,
          0,
          null,
          0,
          0,
          0
        ],
        "branches": {
        }
      },
      "/Users/stephaniemhelm/stall_card/stall_card_be/app/graphql/types/base_scalar.rb": {
        "lines": [
          0,
          0,
          0,
          0
        ],
        "branches": {
        }
      },
      "/Users/stephaniemhelm/stall_card/stall_card_be/app/graphql/types/mutation_type.rb": {
        "lines": [
          0,
          0,
          0,
          0,
          0
        ],
        "branches": {
        }
      },
      "/Users/stephaniemhelm/stall_card/stall_card_be/app/graphql/types/query_type.rb": {
        "lines": [
          0,
          0,
          null,
          null,
          null,
          null,
          0,
          0,
          0,
          0,
          0,
          0,
          null,
          0,
          0
        ],
        "branches": {
        }
      },
      "/Users/stephaniemhelm/stall_card/stall_card_be/app/graphql/types/base_argument.rb": {
        "lines": [
          0,
          0,
          0,
          0
        ],
        "branches": {
        }
      },
      "/Users/stephaniemhelm/stall_card/stall_card_be/app/graphql/types/base_object.rb": {
        "lines": [
          0,
          0,
          0,
          0,
          0,
          0,
          0
        ],
        "branches": {
        }
      },
      "/Users/stephaniemhelm/stall_card/stall_card_be/app/graphql/types/base_union.rb": {
        "lines": [
          0,
          0,
          0,
          0,
          0,
          0
        ],
        "branches": {
        }
      },
      "/Users/stephaniemhelm/stall_card/stall_card_be/app/graphql/types/owner_type.rb": {
        "lines": [
          null,
          null,
          0,
          0,
          0,
          0,
          0,
          0,
          0,
          0,
          0
        ],
        "branches": {
        }
      },
      "/Users/stephaniemhelm/stall_card/stall_card_be/app/graphql/mutations/add_barn.rb": {
        "lines": [
          0,
          0,
          0,
          null,
          0,
          null,
          0,
          0,
          null,
          0,
          0,
          null,
          0,
          0,
          0,
          0,
          0,
          0,
          0,
          0
        ],
        "branches": {
        }
      },
      "/Users/stephaniemhelm/stall_card/stall_card_be/app/graphql/mutations/base_mutation.rb": {
        "lines": [
          0,
          0,
          0,
          0,
          0,
          0,
          0,
          0
        ],
        "branches": {
        }
      },
      "/Users/stephaniemhelm/stall_card/stall_card_be/app/graphql/queries/base_query.rb": {
        "lines": [
          0,
          0,
          0,
          0
        ],
        "branches": {
        }
      },
      "/Users/stephaniemhelm/stall_card/stall_card_be/app/graphql/queries/fetch_owner.rb": {
        "lines": [
          0,
          0,
          0,
          0,
          null,
          0,
          0,
          0,
          0,
          0,
          0,
          0,
          0,
          0,
          0
        ],
        "branches": {
        }
      },
      "/Users/stephaniemhelm/stall_card/stall_card_be/app/graphql/queries/fetch_employee.rb": {
        "lines": [
          0,
          0,
          0,
          0,
          null,
          0,
          0,
          0,
          0,
          0,
          0,
          0,
          0,
          0,
          0
        ],
        "branches": {
        }
      },
      "/Users/stephaniemhelm/stall_card/stall_card_be/app/graphql/queries/fetch_barns.rb": {
        "lines": [
          0,
          0,
          null,
          0,
          null,
          0,
          0,
          0,
          0,
          0
        ],
        "branches": {
        }
      },
      "/Users/stephaniemhelm/stall_card/stall_card_be/app/graphql/queries/fetch_owners.rb": {
        "lines": [
          0,
          0,
          null,
          0,
          null,
          0,
          0,
          0,
          0,
          0
        ],
        "branches": {
        }
      },
      "/Users/stephaniemhelm/stall_card/stall_card_be/app/graphql/queries/fetch_barn.rb": {
        "lines": [
          0,
          0,
          0,
          0,
          null,
          0,
          0,
          0,
          0,
          0,
          0,
          0,
          0,
          0,
          0
        ],
        "branches": {
        }
      },
      "/Users/stephaniemhelm/stall_card/stall_card_be/app/graphql/queries/fetch_employees.rb": {
        "lines": [
          0,
          0,
          null,
          0,
          null,
          0,
          0,
          0,
          0,
          0
        ],
        "branches": {
        }
      },
      "/Users/stephaniemhelm/stall_card/stall_card_be/app/graphql/stall_card_be_schema.rb": {
        "lines": [
          0,
          0,
          0,
          null,
          null,
          0,
          null,
          null,
          0,
          null,
          null,
          null,
          null,
          0,
          0,
          null,
          null,
          0,
          null,
          null,
          0,
          0,
          null,
          null,
          null,
          null,
          0,
          null,
          0,
          null,
          0,
          0,
          null,
          0,
          null,
          0,
          0,
          0,
          null,
          null,
          0,
          null,
          null,
          0,
          null,
          0,
          null,
          0,
          0,
          0,
          0
        ],
        "branches": {
        }
      },
      "/Users/stephaniemhelm/stall_card/stall_card_be/app/jobs/application_job.rb": {
        "lines": [
          0,
          0
        ],
        "branches": {
        }
      },
      "/Users/stephaniemhelm/stall_card/stall_card_be/app/controllers/application_controller.rb": {
        "lines": [
          0,
          0
        ],
        "branches": {
        }
      },
      "/Users/stephaniemhelm/stall_card/stall_card_be/app/controllers/graphql_controller.rb": {
        "lines": [
          0,
          null,
          null,
          null,
          null,
          null,
          0,
          0,
          0,
          0,
          0,
          null,
          null,
          0,
          0,
          0,
          0,
          0,
          0,
          0,
          null,
          0,
          null,
          null,
          0,
          0,
          0,
          0,
          0,
          0,
          0,
          0,
          0,
          0,
          0,
          0,
          0,
          0,
          0,
          0,
          0,
          0,
          null,
          0,
          0,
          0,
          null,
          0,
          0,
          0
        ],
        "branches": {
        }
      },
      "/Users/stephaniemhelm/stall_card/stall_card_be/app/channels/application_cable/connection.rb": {
        "lines": [
          0,
          0,
          0,
          0
        ],
        "branches": {
        }
      },
      "/Users/stephaniemhelm/stall_card/stall_card_be/app/channels/application_cable/channel.rb": {
        "lines": [
          0,
          0,
          0,
          0
        ],
        "branches": {
        }
      }
    },
    "timestamp": 1644086747
  }
}
